<?xml version="1.0" encoding="UTF-8"?>
<!-- Generated by org.testng.reporters.JUnitReportReporter -->
<testsuite hostname="LENOVO" name="com.BankerChat.testScript.Sprint1_FullCycle.FacebookExecute" tests="1" failures="0" timestamp="23 May 2017 18:56:34 GMT" time="72.273" errors="0">
  <testcase name="facebook" time="72.273" classname="com.BankerChat.testScript.Sprint1_FullCycle.FacebookExecute"/>
</testsuite> <!-- com.BankerChat.testScript.Sprint1_FullCycle.FacebookExecute -->
