<?xml version="1.0" encoding="UTF-8"?>
<!-- Generated by org.testng.reporters.JUnitReportReporter -->
<testsuite hostname="LENOVO" name="com.BankerChat.testScript.Sprint1_FullCycle.TestExecute" tests="4" failures="0" timestamp="23 May 2017 18:56:34 GMT" time="104.080" errors="0">
  <testcase name="testClaimed" time="13.929" classname="com.BankerChat.testScript.Sprint1_FullCycle.TestExecute"/>
  <testcase name="testLogin" time="25.005" classname="com.BankerChat.testScript.Sprint1_FullCycle.TestExecute"/>
  <testcase name="testSignOut" time="43.552" classname="com.BankerChat.testScript.Sprint1_FullCycle.TestExecute"/>
  <testcase name="testUnclaimed" time="21.594" classname="com.BankerChat.testScript.Sprint1_FullCycle.TestExecute"/>
</testsuite> <!-- com.BankerChat.testScript.Sprint1_FullCycle.TestExecute -->
